Build started 06/08/2024 1:58:56 SA.
     1>Project "C:\Users\MSII\Desktop\upload\BaiTapLon\Week_06\Week_06\Week_06\Week_06.vcxproj" on node 2 (Build target(s)).
     1>ClCompile:
         C:\Program Files (x86)\Microsoft Visual Studio 12.0\VC\bin\CL.exe /c /ZI /nologo /W3 /WX- /sdl /Od /Oy- /D _MBCS /Gm /EHsc /RTC1 /MDd /GS /fp:precise /Zc:wchar_t /Zc:forScope /Fo"Debug\\" /Fd"Debug\vc120.pdb" /Gd /TP /analyze- /errorReport:prompt Bai_10.cpp
         Bai_10.cpp
     1>c:\users\msii\desktop\upload\baitaplon\week_06\week_06\week_06\bai_10.cpp(40): error C4996: 'scanf': This function or variable may be unsafe. Consider using scanf_s instead. To disable deprecation, use _CRT_SECURE_NO_WARNINGS. See online help for details.
                 c:\program files (x86)\microsoft visual studio 12.0\vc\include\stdio.h(283) : see declaration of 'scanf'
     1>Done Building Project "C:\Users\MSII\Desktop\upload\BaiTapLon\Week_06\Week_06\Week_06\Week_06.vcxproj" (Build target(s)) -- FAILED.

Build FAILED.

Time Elapsed 00:00:00.69
